<?xml version="1.0" encoding="UTF-8"?>
<testsuite xmlns:xsi="http://www.w3.org/2001/XMLSchema-instance" xsi:noNamespaceSchemaLocation="https://maven.apache.org/surefire/maven-surefire-plugin/xsd/surefire-test-report.xsd" name="HMTest" time="0" tests="5" errors="1" skipped="0" failures="0">
  <properties>
[...]
</properties>
  <testcase name="testGet" classname="HMTest" time="0"/>
  <testcase name="testContains" classname="HMTest" time="0"/>
  <testcase name="testReplace" classname="HMTest" time="0"/>
  <testcase name="testIsEmpty" classname="HMTest" time="0"/>
  <testcase name="testIterator" classname="HMTest" time="0">
    <error type="java.lang.NullPointerException">java.lang.NullPointerException
	at HMTest.testIterator(HMTest.java:72)
</error>
  </testcase>
</testsuite>